[20732:13380:1128/135119.403:ERROR:model_type_store_service_impl.cc(39)] Failed to initialize ModelTypeStore backend: Init@components/sync/model/model_type_store_backend.cc:109: IO error: C:\webdriver-ide-source\FirstTry app 1\bin\Debug\net6.0-windows\data\User Data\Default\Sync Data\LevelDB/MANIFEST-000001: Unable to create sequential file (ChromeMethodBFE: 7::NewSequentialFile::1)
[20732:26824:1128/135119.490:ERROR:service_worker_task_queue.cc(211)] DidStartWorkerFail bkbmfiodmgfcmphgpahdkjdclhagbanf: 5
[20732:11232:1128/135119.495:WARNING:value_store_frontend.cc(50)] Reading ahfgeienlihckogmohjhadlkjgocpleb.alarms from  failed: IO error: .../MANIFEST-000001: Unable to create sequential file (ChromeMethodBFE: 7::NewSequentialFile::1)
[20732:5596:1128/135119.497:WARNING:leveldb_database.cc(123)] Unable to open C:\webdriver-ide-source\FirstTry app 1\bin\Debug\net6.0-windows\data\User Data\Default\shared_proto_db\metadata: IO error: C:\webdriver-ide-source\FirstTry app 1\bin\Debug\net6.0-windows\data\User Data\Default\shared_proto_db\metadata/MANIFEST-000001: Unable to create sequential file (ChromeMethodBFE: 7::NewSequentialFile::1)
[20732:11232:1128/135119.499:WARNING:value_store_frontend.cc(50)] Reading mhjfbmdgcfjbbpaeojofohoefgiehjai.alarms from  failed: IO error: .../MANIFEST-000001: Unable to create sequential file (ChromeMethodBFE: 7::NewSequentialFile::1)
[20732:5596:1128/135119.499:WARNING:leveldb_database.cc(123)] Unable to open C:\webdriver-ide-source\FirstTry app 1\bin\Debug\net6.0-windows\data\User Data\Default\shared_proto_db\metadata: IO error: C:\webdriver-ide-source\FirstTry app 1\bin\Debug\net6.0-windows\data\User Data\Default\shared_proto_db\metadata/MANIFEST-000001: Unable to create sequential file (ChromeMethodBFE: 7::NewSequentialFile::1)
[20732:5596:1128/135119.502:WARNING:leveldb_database.cc(123)] Unable to open C:\webdriver-ide-source\FirstTry app 1\bin\Debug\net6.0-windows\data\User Data\Default\shared_proto_db\metadata: IO error: C:\webdriver-ide-source\FirstTry app 1\bin\Debug\net6.0-windows\data\User Data\Default\shared_proto_db\metadata/MANIFEST-000001: Unable to create sequential file (ChromeMethodBFE: 7::NewSequentialFile::1)
[20732:5596:1128/135119.506:WARNING:leveldb_database.cc(123)] Unable to open C:\webdriver-ide-source\FirstTry app 1\bin\Debug\net6.0-windows\data\User Data\Default\shared_proto_db\metadata: IO error: C:\webdriver-ide-source\FirstTry app 1\bin\Debug\net6.0-windows\data\User Data\Default\shared_proto_db\metadata/MANIFEST-000001: Unable to create sequential file (ChromeMethodBFE: 7::NewSequentialFile::1)
[20732:11232:1128/135119.510:WARNING:value_store_frontend.cc(50)] Reading bkbmfiodmgfcmphgpahdkjdclhagbanf.alarms from  failed: IO error: .../MANIFEST-000001: Unable to create sequential file (ChromeMethodBFE: 7::NewSequentialFile::1)
[20732:11232:1128/135119.512:WARNING:value_store_frontend.cc(50)] Reading bkbmfiodmgfcmphgpahdkjdclhagbanf.context_menus from  failed: IO error: .../MANIFEST-000001: Unable to create sequential file (ChromeMethodBFE: 7::NewSequentialFile::1)
[20732:6136:1128/135122.493:ERROR:chrome_browser_main_extra_parts_metrics.cc(226)] crbug.com/1216328: Checking Bluetooth availability started. Please report if there is no report that this ends.
[20732:26824:1128/135122.494:ERROR:device_event_log_impl.cc(214)] [13:51:22.495] USB: usb_device_handle_win.cc:1048 Failed to read descriptor from node connection: A device attached to the system is not functioning. (0x1F)
[20732:6136:1128/135122.495:ERROR:chrome_browser_main_extra_parts_metrics.cc(229)] crbug.com/1216328: Checking Bluetooth availability ended.
[20732:6136:1128/135122.495:ERROR:chrome_browser_main_extra_parts_metrics.cc(232)] crbug.com/1216328: Checking default browser status started. Please report if there is no report that this ends.
[20732:10800:1128/135122.496:ERROR:data_store_impl.cc(131)] Failed to open Data Reduction Proxy DB: 3
[20732:6136:1128/135122.506:ERROR:chrome_browser_main_extra_parts_metrics.cc(236)] crbug.com/1216328: Checking default browser status ended.
[20732:9752:1128/140806.237:WARNING:dns_config_service_win.cc(510)] Failed to read DnsConfig.
[20732:20820:1128/140811.256:WARNING:dns_config_service_win.cc(510)] Failed to read DnsConfig.
[20732:20820:1128/140816.271:WARNING:dns_config_service_win.cc(510)] Failed to read DnsConfig.
[20732:20820:1128/140821.285:WARNING:dns_config_service_win.cc(510)] Failed to read DnsConfig.
[20732:12724:1128/140826.307:WARNING:dns_config_service_win.cc(510)] Failed to read DnsConfig.
[20732:20820:1128/140831.315:WARNING:dns_config_service_win.cc(510)] Failed to read DnsConfig.
[20732:26824:1128/143004.384:ERROR:device_event_log_impl.cc(214)] [14:30:04.382] USB: usb_service_win.cc:261 Failed to get device driver name: Element not found. (0x490)
[20732:26824:1128/143004.421:ERROR:device_event_log_impl.cc(214)] [14:30:04.420] USB: usb_service_win.cc:261 Failed to get device driver name: Element not found. (0x490)
[20732:26824:1128/162743.092:ERROR:device_event_log_impl.cc(214)] [16:27:43.088] USB: usb_service_win.cc:261 Failed to get device driver name: Element not found. (0x490)
[20732:26824:1128/162743.150:ERROR:device_event_log_impl.cc(214)] [16:27:43.150] USB: usb_service_win.cc:261 Failed to get device driver name: Element not found. (0x490)
[20732:26824:1128/164316.363:WARNING:pref_notifier_impl.cc(40)] Pref observer for media_router.cast_allow_all_ips found at shutdown.
