[11844:23440:1023/162915.018:ERROR:model_type_store_service_impl.cc(39)] Failed to initialize ModelTypeStore backend: Init@components/sync/model/model_type_store_backend.cc:109: IO error: C:\Users\AmirReza\Source\Repos\webdriver-ide-source\FirstTry app 1\FirstTry app 1\bin\Release\data\User Data\Default\Sync Data\LevelDB/MANIFEST-000001: Unable to create sequential file (ChromeMethodBFE: 7::NewSequentialFile::1)
[11844:18388:1023/162915.129:ERROR:service_worker_task_queue.cc(209)] DidStartWorkerFail bkbmfiodmgfcmphgpahdkjdclhagbanf
[11844:30560:1023/162915.133:WARNING:value_store_frontend.cc(47)] Reading ahfgeienlihckogmohjhadlkjgocpleb.alarms from  failed: IO error: .../MANIFEST-000001: Unable to create sequential file (ChromeMethodBFE: 7::NewSequentialFile::1)
[11844:30560:1023/162915.136:WARNING:value_store_frontend.cc(47)] Reading mhjfbmdgcfjbbpaeojofohoefgiehjai.alarms from  failed: IO error: .../MANIFEST-000001: Unable to create sequential file (ChromeMethodBFE: 7::NewSequentialFile::1)
[11844:30560:1023/162915.148:WARNING:value_store_frontend.cc(47)] Reading bkbmfiodmgfcmphgpahdkjdclhagbanf.alarms from  failed: IO error: .../MANIFEST-000001: Unable to create sequential file (ChromeMethodBFE: 7::NewSequentialFile::1)
[11844:30560:1023/162915.151:WARNING:value_store_frontend.cc(47)] Reading bkbmfiodmgfcmphgpahdkjdclhagbanf.context_menus from  failed: IO error: .../MANIFEST-000001: Unable to create sequential file (ChromeMethodBFE: 7::NewSequentialFile::1)
[11844:18388:1023/162915.237:INFO:CONSOLE(0)] "Slow network is detected. See https://www.chromestatus.com/feature/5636954674692096 for more details. Fallback font will be used while loading: chrome://resources/roboto/roboto-regular.woff2", source: chrome://new-tab-page/ (0)
[11844:26720:1023/162917.096:ERROR:chrome_browser_main_extra_parts_metrics.cc(228)] crbug.com/1216328: Checking Bluetooth availability started. Please report if there is no report that this ends.
[11844:26720:1023/162917.097:ERROR:chrome_browser_main_extra_parts_metrics.cc(231)] crbug.com/1216328: Checking Bluetooth availability ended.
[11844:18388:1023/162917.097:ERROR:device_event_log_impl.cc(214)] [16:29:17.097] USB: usb_device_handle_win.cc:1048 Failed to read descriptor from node connection: A device attached to the system is not functioning. (0x1F)
[11844:26720:1023/162917.097:ERROR:chrome_browser_main_extra_parts_metrics.cc(234)] crbug.com/1216328: Checking default browser status started. Please report if there is no report that this ends.
[11844:28960:1023/162917.101:ERROR:data_store_impl.cc(131)] Failed to open Data Reduction Proxy DB: 3
[11844:26720:1023/162917.119:ERROR:chrome_browser_main_extra_parts_metrics.cc(238)] crbug.com/1216328: Checking default browser status ended.
[11844:28232:1023/162917.219:WARNING:leveldb_database.cc(123)] Unable to open C:\Users\AmirReza\Source\Repos\webdriver-ide-source\FirstTry app 1\FirstTry app 1\bin\Release\data\User Data\Default\shared_proto_db\metadata: IO error: C:\Users\AmirReza\Source\Repos\webdriver-ide-source\FirstTry app 1\FirstTry app 1\bin\Release\data\User Data\Default\shared_proto_db\metadata/MANIFEST-000001: Unable to create sequential file (ChromeMethodBFE: 7::NewSequentialFile::1)
[11844:28232:1023/162917.221:WARNING:leveldb_database.cc(123)] Unable to open C:\Users\AmirReza\Source\Repos\webdriver-ide-source\FirstTry app 1\FirstTry app 1\bin\Release\data\User Data\Default\shared_proto_db\metadata: IO error: C:\Users\AmirReza\Source\Repos\webdriver-ide-source\FirstTry app 1\FirstTry app 1\bin\Release\data\User Data\Default\shared_proto_db\metadata/MANIFEST-000001: Unable to create sequential file (ChromeMethodBFE: 7::NewSequentialFile::1)
[11844:28232:1023/162917.224:WARNING:leveldb_database.cc(123)] Unable to open C:\Users\AmirReza\Source\Repos\webdriver-ide-source\FirstTry app 1\FirstTry app 1\bin\Release\data\User Data\Default\shared_proto_db\metadata: IO error: C:\Users\AmirReza\Source\Repos\webdriver-ide-source\FirstTry app 1\FirstTry app 1\bin\Release\data\User Data\Default\shared_proto_db\metadata/MANIFEST-000001: Unable to create sequential file (ChromeMethodBFE: 7::NewSequentialFile::1)
[11844:28232:1023/162917.226:WARNING:leveldb_database.cc(123)] Unable to open C:\Users\AmirReza\Source\Repos\webdriver-ide-source\FirstTry app 1\FirstTry app 1\bin\Release\data\User Data\Default\shared_proto_db\metadata: IO error: C:\Users\AmirReza\Source\Repos\webdriver-ide-source\FirstTry app 1\FirstTry app 1\bin\Release\data\User Data\Default\shared_proto_db\metadata/MANIFEST-000001: Unable to create sequential file (ChromeMethodBFE: 7::NewSequentialFile::1)
[11844:18388:1023/162932.759:INFO:CONSOLE(7288)] "crbug/1173575, non-JS module files deprecated.", source: chrome-error://chromewebdata/ (7288)
[11844:18388:1023/162936.190:INFO:CONSOLE(4)] "getCurrentPosition() and watchPosition() no longer work on insecure origins. To use this feature, you should consider switching your application to a secure origin, such as HTTPS. See https://goo.gl/rStTGz for more details.", source: http://test.iais.co:8080/PackingList-Rajae/wicket/resource/ir.mersad.utils.authentication.ui.Login/getClientInfo-ver-8514C22D9E666ADC9F29157655A6A339.js (4)
[11844:18388:1023/162936.232:INFO:CONSOLE(0)] "[DOM] Input elements should have autocomplete attributes (suggested: "current-password"): (More info: https://goo.gl/9p2vKq) %o", source: http://test.iais.co:8080/PackingList-Rajae/login?1 (0)
[11844:18388:1023/162939.956:INFO:CONSOLE(28)] "RTP data channels are no longer supported. The "RtpDataChannels" constraint is currently ignored, and may cause an error at a later date.", source: http://test.iais.co:8080/PackingList-Rajae/wicket/resource/ir.mersad.utils.authentication.ui.Office/getip-ver-5C10FB942B95B6C63A967E48F5542C3A.js (28)
[11844:18388:1023/162939.990:INFO:CONSOLE(32)] "Uncaught TypeError: Cannot read properties of null (reading '1')", source: http://test.iais.co:8080/PackingList-Rajae/wicket/resource/ir.mersad.utils.authentication.ui.Office/getip-ver-5C10FB942B95B6C63A967E48F5542C3A.js (32)
[11844:18388:1023/162940.959:INFO:CONSOLE(32)] "Uncaught TypeError: Cannot read properties of null (reading '1')", source: http://test.iais.co:8080/PackingList-Rajae/wicket/resource/ir.mersad.utils.authentication.ui.Office/getip-ver-5C10FB942B95B6C63A967E48F5542C3A.js (32)
[11844:18388:1023/162951.019:WARNING:pref_notifier_impl.cc(40)] Pref observer for media_router.cast_allow_all_ips found at shutdown.
