[7164:2956:1031/110658.196:ERROR:model_type_store_service_impl.cc(39)] Failed to initialize ModelTypeStore backend: Init@components/sync/model/model_type_store_backend.cc:109: IO error: C:\Users\AmirReza\Source\Repos\webdriver-ide-source\FirstTry app 1\FirstTry app 1\bin\Release\data\User Data\Default\Sync Data\LevelDB/MANIFEST-000001: Unable to create sequential file (ChromeMethodBFE: 7::NewSequentialFile::1)
[7164:28104:1031/110658.287:ERROR:service_worker_task_queue.cc(211)] DidStartWorkerFail bkbmfiodmgfcmphgpahdkjdclhagbanf: 5
[7164:9580:1031/110658.291:WARNING:value_store_frontend.cc(50)] Reading ahfgeienlihckogmohjhadlkjgocpleb.alarms from  failed: IO error: .../MANIFEST-000001: Unable to create sequential file (ChromeMethodBFE: 7::NewSequentialFile::1)
[7164:9580:1031/110658.295:WARNING:value_store_frontend.cc(50)] Reading mhjfbmdgcfjbbpaeojofohoefgiehjai.alarms from  failed: IO error: .../MANIFEST-000001: Unable to create sequential file (ChromeMethodBFE: 7::NewSequentialFile::1)
[7164:9580:1031/110658.304:WARNING:value_store_frontend.cc(50)] Reading bkbmfiodmgfcmphgpahdkjdclhagbanf.alarms from  failed: IO error: .../MANIFEST-000001: Unable to create sequential file (ChromeMethodBFE: 7::NewSequentialFile::1)
[7164:9580:1031/110658.306:WARNING:value_store_frontend.cc(50)] Reading bkbmfiodmgfcmphgpahdkjdclhagbanf.context_menus from  failed: IO error: .../MANIFEST-000001: Unable to create sequential file (ChromeMethodBFE: 7::NewSequentialFile::1)
[7164:28104:1031/110701.596:INFO:CONSOLE(4)] "getCurrentPosition() and watchPosition() no longer work on insecure origins. To use this feature, you should consider switching your application to a secure origin, such as HTTPS. See https://goo.gl/rStTGz for more details.", source: http://test.iais.co:8080/PackingList-Rajae/wicket/resource/ir.mersad.utils.authentication.ui.Login/getClientInfo-ver-8514C22D9E666ADC9F29157655A6A339.js (4)
[7164:28104:1031/110701.634:INFO:CONSOLE(0)] "[DOM] Input elements should have autocomplete attributes (suggested: "current-password"): (More info: https://goo.gl/9p2vKq) %o", source: http://test.iais.co:8080/PackingList-Rajae/login?1 (0)
[7164:28832:1031/110703.909:ERROR:chrome_browser_main_extra_parts_metrics.cc(230)] crbug.com/1216328: Checking Bluetooth availability started. Please report if there is no report that this ends.
[7164:28832:1031/110703.910:ERROR:chrome_browser_main_extra_parts_metrics.cc(233)] crbug.com/1216328: Checking Bluetooth availability ended.
[7164:28832:1031/110703.910:ERROR:chrome_browser_main_extra_parts_metrics.cc(236)] crbug.com/1216328: Checking default browser status started. Please report if there is no report that this ends.
[7164:28104:1031/110703.911:ERROR:device_event_log_impl.cc(214)] [11:07:03.911] USB: usb_device_handle_win.cc:1048 Failed to read descriptor from node connection: A device attached to the system is not functioning. (0x1F)
[7164:23700:1031/110703.915:ERROR:data_store_impl.cc(131)] Failed to open Data Reduction Proxy DB: 3
[7164:28832:1031/110703.923:ERROR:chrome_browser_main_extra_parts_metrics.cc(240)] crbug.com/1216328: Checking default browser status ended.
[7164:20696:1031/110703.966:WARNING:leveldb_database.cc(123)] Unable to open C:\Users\AmirReza\Source\Repos\webdriver-ide-source\FirstTry app 1\FirstTry app 1\bin\Release\data\User Data\Default\shared_proto_db\metadata: IO error: C:\Users\AmirReza\Source\Repos\webdriver-ide-source\FirstTry app 1\FirstTry app 1\bin\Release\data\User Data\Default\shared_proto_db\metadata/MANIFEST-000001: Unable to create sequential file (ChromeMethodBFE: 7::NewSequentialFile::1)
[7164:20696:1031/110703.968:WARNING:leveldb_database.cc(123)] Unable to open C:\Users\AmirReza\Source\Repos\webdriver-ide-source\FirstTry app 1\FirstTry app 1\bin\Release\data\User Data\Default\shared_proto_db\metadata: IO error: C:\Users\AmirReza\Source\Repos\webdriver-ide-source\FirstTry app 1\FirstTry app 1\bin\Release\data\User Data\Default\shared_proto_db\metadata/MANIFEST-000001: Unable to create sequential file (ChromeMethodBFE: 7::NewSequentialFile::1)
[7164:20696:1031/110703.970:WARNING:leveldb_database.cc(123)] Unable to open C:\Users\AmirReza\Source\Repos\webdriver-ide-source\FirstTry app 1\FirstTry app 1\bin\Release\data\User Data\Default\shared_proto_db\metadata: IO error: C:\Users\AmirReza\Source\Repos\webdriver-ide-source\FirstTry app 1\FirstTry app 1\bin\Release\data\User Data\Default\shared_proto_db\metadata/MANIFEST-000001: Unable to create sequential file (ChromeMethodBFE: 7::NewSequentialFile::1)
[7164:20696:1031/110703.972:WARNING:leveldb_database.cc(123)] Unable to open C:\Users\AmirReza\Source\Repos\webdriver-ide-source\FirstTry app 1\FirstTry app 1\bin\Release\data\User Data\Default\shared_proto_db\metadata: IO error: C:\Users\AmirReza\Source\Repos\webdriver-ide-source\FirstTry app 1\FirstTry app 1\bin\Release\data\User Data\Default\shared_proto_db\metadata/MANIFEST-000001: Unable to create sequential file (ChromeMethodBFE: 7::NewSequentialFile::1)
[7164:28104:1031/110732.055:INFO:CONSOLE(28)] "RTP data channels are no longer supported. The "RtpDataChannels" constraint is currently ignored, and may cause an error at a later date.", source: http://test.iais.co:8080/PackingList-Rajae/wicket/resource/ir.mersad.utils.authentication.ui.Office/getip-ver-5C10FB942B95B6C63A967E48F5542C3A.js (28)
[7164:28104:1031/110732.091:INFO:CONSOLE(32)] "Uncaught TypeError: Cannot read properties of null (reading '1')", source: http://test.iais.co:8080/PackingList-Rajae/wicket/resource/ir.mersad.utils.authentication.ui.Office/getip-ver-5C10FB942B95B6C63A967E48F5542C3A.js (32)
[7164:28104:1031/110733.060:INFO:CONSOLE(32)] "Uncaught TypeError: Cannot read properties of null (reading '1')", source: http://test.iais.co:8080/PackingList-Rajae/wicket/resource/ir.mersad.utils.authentication.ui.Office/getip-ver-5C10FB942B95B6C63A967E48F5542C3A.js (32)
[7164:28104:1031/110737.472:INFO:CONSOLE(1)] "chosen initialized for #id4a4", source:  (1)
[7164:28104:1031/110743.687:INFO:CONSOLE(1)] "chosen initialized for #id4a4", source:  (1)
[7164:28104:1031/110800.916:WARNING:pref_notifier_impl.cc(40)] Pref observer for media_router.cast_allow_all_ips found at shutdown.
